11:00:01.279 INFO [main] org.lenskit.cli.Main: Starting LensKit 3.0-M1 on Java 1.8.0_131 from Oracle Corporation
11:00:01.319 DEBUG [main] org.lenskit.LenskitInfo: have 5573 active revisions
11:00:01.335 DEBUG [main] org.lenskit.cli.Main: Built from Git revision c0210fa3281ef8b15b0959bcd5fced43c5fec38a
11:00:01.336 DEBUG [main] org.lenskit.cli.Main: Using VM 'OpenJDK 64-Bit Server VM' version 25.131-b11 from Oracle Corporation
11:00:01.336 INFO [main] org.lenskit.cli.Main: Have 4 processors and heap limit of 852 MiB
11:00:01.351 INFO [main] org.lenskit.cli.util.RecommenderLoader: creating fresh recommender
11:00:01.676 INFO [main] org.lenskit.config.ConfigurationLoader: loading script from file:/home/mahendra/Downloads/uu-assignment/etc/user-user.groovy
11:00:02.211 DEBUG [main] org.lenskit.data.dao.file.TextEntitySource: loading source ratings with base URI file:/home/mahendra/Downloads/uu-assignment/data/movielens.yml
11:00:02.211 DEBUG [main] org.lenskit.data.dao.file.TextEntitySource: resolved file URI: file:/home/mahendra/Downloads/uu-assignment/data/ratings.csv
11:00:02.223 INFO [main] org.lenskit.data.dao.file.TextEntitySource: loading text file source ratings to read from file:/home/mahendra/Downloads/uu-assignment/data/ratings.csv
11:00:02.230 DEBUG [main] org.lenskit.data.dao.file.TextEntitySource: ratings: using delimiter ,
11:00:02.230 DEBUG [main] org.lenskit.data.dao.file.TextEntitySource: ratings: reading header
11:00:02.230 DEBUG [main] org.lenskit.data.dao.file.TextEntitySource: ratings: reading entities of type EntityType[rating]
11:00:02.283 DEBUG [main] org.lenskit.data.dao.file.TextEntitySource: class org.lenskit.data.ratings.RatingBuilder: using entity builder {}
11:00:02.283 DEBUG [main] org.lenskit.data.dao.file.TextEntitySource: loading source movies with base URI file:/home/mahendra/Downloads/uu-assignment/data/movielens.yml
11:00:02.283 DEBUG [main] org.lenskit.data.dao.file.TextEntitySource: resolved file URI: file:/home/mahendra/Downloads/uu-assignment/data/movies.csv
11:00:02.283 INFO [main] org.lenskit.data.dao.file.TextEntitySource: loading text file source movies to read from file:/home/mahendra/Downloads/uu-assignment/data/movies.csv
11:00:02.284 DEBUG [main] org.lenskit.data.dao.file.TextEntitySource: movies: using delimiter ,
11:00:02.284 DEBUG [main] org.lenskit.data.dao.file.TextEntitySource: movies: reading header
11:00:02.284 DEBUG [main] org.lenskit.data.dao.file.TextEntitySource: movies: reading entities of type EntityType[item]
11:00:02.284 DEBUG [main] org.lenskit.data.dao.file.TextEntitySource: class org.lenskit.data.entities.BasicEntityBuilder: using entity builder {}
11:00:02.284 DEBUG [main] org.lenskit.data.dao.file.TextEntitySource: loading source tags with base URI file:/home/mahendra/Downloads/uu-assignment/data/movielens.yml
11:00:02.284 DEBUG [main] org.lenskit.data.dao.file.TextEntitySource: resolved file URI: file:/home/mahendra/Downloads/uu-assignment/data/tags.csv
11:00:02.284 INFO [main] org.lenskit.data.dao.file.TextEntitySource: loading text file source tags to read from file:/home/mahendra/Downloads/uu-assignment/data/tags.csv
11:00:02.285 DEBUG [main] org.lenskit.data.dao.file.TextEntitySource: tags: using delimiter ,
11:00:02.285 DEBUG [main] org.lenskit.data.dao.file.TextEntitySource: tags: reading header
11:00:02.285 DEBUG [main] org.lenskit.data.dao.file.TextEntitySource: tags: reading entities of type EntityType[item-tag]
11:00:02.285 DEBUG [main] org.lenskit.data.dao.file.TextEntitySource: class org.lenskit.data.entities.BasicEntityBuilder: using entity builder {}
11:00:02.291 DEBUG [main] org.lenskit.LenskitRecommenderEngineBuilder: building graph from 3 configurations
11:00:02.381 DEBUG [main] org.lenskit.inject.RecommenderInstantiator: replacing nodes in graph with 12 nodes
11:00:02.386 DEBUG [main] org.lenskit.inject.RecommenderInstantiator: found 3 shared nodes
11:00:02.387 DEBUG [main] org.lenskit.inject.RecommenderInstantiator: final graph has 12 nodes
11:00:02.388 INFO [main] org.lenskit.cli.util.RecommenderLoader: built recommender in 97.27 ms
11:00:04.036 INFO [main] org.lenskit.data.dao.file.StaticDataSource: deriving entity type EntityType[user] from EntityType[rating] (column TypedName[user: long])
11:00:04.160 INFO [main] org.lenskit.data.dao.file.StaticDataSource: deriving entity type EntityType[item] from EntityType[rating] (column TypedName[item: long])
11:00:04.201 DEBUG [main] org.lenskit.data.entities.EntityCollectionBuilder: built collection of 2500 entities with type EntityType[item] and 2 indexes
11:00:04.233 DEBUG [main] org.lenskit.data.entities.EntityCollectionBuilder: built collection of 264505 entities with type EntityType[rating] and 2 indexes
11:00:04.247 DEBUG [main] org.lenskit.data.entities.EntityCollectionBuilder: built collection of 94875 entities with type EntityType[item-tag] and 2 indexes
11:00:04.249 DEBUG [main] org.lenskit.data.entities.EntityCollectionBuilder: built collection of 862 entities with type EntityType[user] and 2 indexes
11:00:04.256 INFO [main] org.lenskit.cli.commands.Predict: predicting 4 items
11:00:05.343 INFO [main] org.lenskit.cli.commands.Predict: predicted for 4 items in 1.087 s
11:00:05.344 INFO [main] org.lenskit.cli.Main: If you use LensKit in published research, please see http://lenskit.org/research/
