11:03:08.704 INFO [main] org.lenskit.cli.Main: Starting LensKit 3.0-M1 on Java 1.8.0_131 from Oracle Corporation
11:03:08.828 DEBUG [main] org.lenskit.LenskitInfo: have 5573 active revisions
11:03:08.843 DEBUG [main] org.lenskit.cli.Main: Built from Git revision c0210fa3281ef8b15b0959bcd5fced43c5fec38a
11:03:08.843 DEBUG [main] org.lenskit.cli.Main: Using VM 'OpenJDK 64-Bit Server VM' version 25.131-b11 from Oracle Corporation
11:03:08.843 INFO [main] org.lenskit.cli.Main: Have 4 processors and heap limit of 852 MiB
11:03:08.880 INFO [main] org.lenskit.cli.util.RecommenderLoader: creating fresh recommender
11:03:10.077 INFO [main] org.lenskit.config.ConfigurationLoader: loading script from file:/home/mahendra/Downloads/uu-assignment/etc/blended.groovy
11:03:11.142 DEBUG [main] org.lenskit.data.dao.file.TextEntitySource: loading source ratings with base URI file:/home/mahendra/Downloads/uu-assignment/data/movielens.yml
11:03:11.143 DEBUG [main] org.lenskit.data.dao.file.TextEntitySource: resolved file URI: file:/home/mahendra/Downloads/uu-assignment/data/ratings.csv
11:03:11.201 INFO [main] org.lenskit.data.dao.file.TextEntitySource: loading text file source ratings to read from file:/home/mahendra/Downloads/uu-assignment/data/ratings.csv
11:03:11.210 DEBUG [main] org.lenskit.data.dao.file.TextEntitySource: ratings: using delimiter ,
11:03:11.210 DEBUG [main] org.lenskit.data.dao.file.TextEntitySource: ratings: reading header
11:03:11.211 DEBUG [main] org.lenskit.data.dao.file.TextEntitySource: ratings: reading entities of type EntityType[rating]
11:03:11.259 DEBUG [main] org.lenskit.data.dao.file.TextEntitySource: class org.lenskit.data.ratings.RatingBuilder: using entity builder {}
11:03:11.259 DEBUG [main] org.lenskit.data.dao.file.TextEntitySource: loading source movies with base URI file:/home/mahendra/Downloads/uu-assignment/data/movielens.yml
11:03:11.259 DEBUG [main] org.lenskit.data.dao.file.TextEntitySource: resolved file URI: file:/home/mahendra/Downloads/uu-assignment/data/movies.csv
11:03:11.259 INFO [main] org.lenskit.data.dao.file.TextEntitySource: loading text file source movies to read from file:/home/mahendra/Downloads/uu-assignment/data/movies.csv
11:03:11.259 DEBUG [main] org.lenskit.data.dao.file.TextEntitySource: movies: using delimiter ,
11:03:11.259 DEBUG [main] org.lenskit.data.dao.file.TextEntitySource: movies: reading header
11:03:11.259 DEBUG [main] org.lenskit.data.dao.file.TextEntitySource: movies: reading entities of type EntityType[item]
11:03:11.260 DEBUG [main] org.lenskit.data.dao.file.TextEntitySource: class org.lenskit.data.entities.BasicEntityBuilder: using entity builder {}
11:03:11.260 DEBUG [main] org.lenskit.data.dao.file.TextEntitySource: loading source tags with base URI file:/home/mahendra/Downloads/uu-assignment/data/movielens.yml
11:03:11.260 DEBUG [main] org.lenskit.data.dao.file.TextEntitySource: resolved file URI: file:/home/mahendra/Downloads/uu-assignment/data/tags.csv
11:03:11.260 INFO [main] org.lenskit.data.dao.file.TextEntitySource: loading text file source tags to read from file:/home/mahendra/Downloads/uu-assignment/data/tags.csv
11:03:11.261 DEBUG [main] org.lenskit.data.dao.file.TextEntitySource: tags: using delimiter ,
11:03:11.261 DEBUG [main] org.lenskit.data.dao.file.TextEntitySource: tags: reading header
11:03:11.261 DEBUG [main] org.lenskit.data.dao.file.TextEntitySource: tags: reading entities of type EntityType[item-tag]
11:03:11.261 DEBUG [main] org.lenskit.data.dao.file.TextEntitySource: class org.lenskit.data.entities.BasicEntityBuilder: using entity builder {}
11:03:11.279 DEBUG [main] org.lenskit.LenskitRecommenderEngineBuilder: building graph from 3 configurations
11:03:11.561 DEBUG [main] org.lenskit.inject.RecommenderInstantiator: replacing nodes in graph with 17 nodes
11:03:11.564 DEBUG [main] org.lenskit.inject.RecommenderInstantiator: found 6 shared nodes
11:03:14.139 INFO [main] org.lenskit.data.dao.file.StaticDataSource: deriving entity type EntityType[user] from EntityType[rating] (column TypedName[user: long])
11:03:14.252 INFO [main] org.lenskit.data.dao.file.StaticDataSource: deriving entity type EntityType[item] from EntityType[rating] (column TypedName[item: long])
11:03:14.361 DEBUG [main] org.lenskit.data.entities.EntityCollectionBuilder: built collection of 2500 entities with type EntityType[item] and 2 indexes
11:03:14.397 DEBUG [main] org.lenskit.data.entities.EntityCollectionBuilder: built collection of 264505 entities with type EntityType[rating] and 2 indexes
11:03:14.410 DEBUG [main] org.lenskit.data.entities.EntityCollectionBuilder: built collection of 94875 entities with type EntityType[item-tag] and 2 indexes
11:03:14.411 DEBUG [main] org.lenskit.data.entities.EntityCollectionBuilder: built collection of 862 entities with type EntityType[user] and 2 indexes
11:03:14.539 INFO [main] org.lenskit.data.ratings.RatingSummaryProvider: summarized 2500 items with 264505 ratings
11:03:14.617 DEBUG [main] org.lenskit.inject.RecommenderInstantiator: final graph has 17 nodes
11:03:14.618 INFO [main] org.lenskit.cli.util.RecommenderLoader: built recommender in 3.340 s
11:03:14.663 INFO [main] org.lenskit.cli.commands.Recommend: recommending for 1 users
11:03:14.669 DEBUG [main] org.lenskit.basic.TopNItemRecommender: computing effective candidates for user 320 from 2500 candidates and 62 excluded items
11:03:14.673 DEBUG [main] org.lenskit.basic.TopNItemRecommender: Computing -1 recommendations for user 320 from 2438 candidates
11:04:25.313 DEBUG [main] org.lenskit.basic.TopNItemRecommender: computing effective candidates for user 320 from 2500 candidates and 62 excluded items
11:04:25.314 DEBUG [main] org.lenskit.basic.TopNItemRecommender: Computing -1 recommendations for user 320 from 2438 candidates
11:04:25.318 DEBUG [main] org.lenskit.hybrid.RankBlendingItemRecommender: recommending for user 10 with 2438 left and 2438 right recommendations
11:04:25.385 INFO [main] org.lenskit.cli.commands.Recommend: recommended for 1 users in 1.179 min
11:04:25.386 INFO [main] org.lenskit.cli.Main: If you use LensKit in published research, please see http://lenskit.org/research/
