11:14:35.765 INFO [main] org.lenskit.cli.Main: Starting LensKit 3.0-M1 on Java 1.8.0_131 from Oracle Corporation
11:14:35.925 DEBUG [main] org.lenskit.LenskitInfo: have 5573 active revisions
11:14:36.029 DEBUG [main] org.lenskit.cli.Main: Built from Git revision c0210fa3281ef8b15b0959bcd5fced43c5fec38a
11:14:36.030 DEBUG [main] org.lenskit.cli.Main: Using VM 'OpenJDK 64-Bit Server VM' version 25.131-b11 from Oracle Corporation
11:14:36.030 INFO [main] org.lenskit.cli.Main: Have 4 processors and heap limit of 852 MiB
11:14:36.255 INFO [main] org.lenskit.cli.util.RecommenderLoader: creating fresh recommender
11:14:38.921 INFO [main] org.lenskit.config.ConfigurationLoader: loading script from file:/home/mahendra/Downloads/uu-assignment/etc/user-user.groovy
11:14:40.947 DEBUG [main] org.lenskit.data.dao.file.TextEntitySource: loading source ratings with base URI file:/home/mahendra/Downloads/uu-assignment/data/movielens.yml
11:14:40.948 DEBUG [main] org.lenskit.data.dao.file.TextEntitySource: resolved file URI: file:/home/mahendra/Downloads/uu-assignment/data/ratings.csv
11:14:41.000 INFO [main] org.lenskit.data.dao.file.TextEntitySource: loading text file source ratings to read from file:/home/mahendra/Downloads/uu-assignment/data/ratings.csv
11:14:41.025 DEBUG [main] org.lenskit.data.dao.file.TextEntitySource: ratings: using delimiter ,
11:14:41.026 DEBUG [main] org.lenskit.data.dao.file.TextEntitySource: ratings: reading header
11:14:41.026 DEBUG [main] org.lenskit.data.dao.file.TextEntitySource: ratings: reading entities of type EntityType[rating]
11:14:41.158 DEBUG [main] org.lenskit.data.dao.file.TextEntitySource: class org.lenskit.data.ratings.RatingBuilder: using entity builder {}
11:14:41.158 DEBUG [main] org.lenskit.data.dao.file.TextEntitySource: loading source movies with base URI file:/home/mahendra/Downloads/uu-assignment/data/movielens.yml
11:14:41.158 DEBUG [main] org.lenskit.data.dao.file.TextEntitySource: resolved file URI: file:/home/mahendra/Downloads/uu-assignment/data/movies.csv
11:14:41.158 INFO [main] org.lenskit.data.dao.file.TextEntitySource: loading text file source movies to read from file:/home/mahendra/Downloads/uu-assignment/data/movies.csv
11:14:41.159 DEBUG [main] org.lenskit.data.dao.file.TextEntitySource: movies: using delimiter ,
11:14:41.159 DEBUG [main] org.lenskit.data.dao.file.TextEntitySource: movies: reading header
11:14:41.159 DEBUG [main] org.lenskit.data.dao.file.TextEntitySource: movies: reading entities of type EntityType[item]
11:14:41.159 DEBUG [main] org.lenskit.data.dao.file.TextEntitySource: class org.lenskit.data.entities.BasicEntityBuilder: using entity builder {}
11:14:41.160 DEBUG [main] org.lenskit.data.dao.file.TextEntitySource: loading source tags with base URI file:/home/mahendra/Downloads/uu-assignment/data/movielens.yml
11:14:41.160 DEBUG [main] org.lenskit.data.dao.file.TextEntitySource: resolved file URI: file:/home/mahendra/Downloads/uu-assignment/data/tags.csv
11:14:41.160 INFO [main] org.lenskit.data.dao.file.TextEntitySource: loading text file source tags to read from file:/home/mahendra/Downloads/uu-assignment/data/tags.csv
11:14:41.160 DEBUG [main] org.lenskit.data.dao.file.TextEntitySource: tags: using delimiter ,
11:14:41.160 DEBUG [main] org.lenskit.data.dao.file.TextEntitySource: tags: reading header
11:14:41.160 DEBUG [main] org.lenskit.data.dao.file.TextEntitySource: tags: reading entities of type EntityType[item-tag]
11:14:41.160 DEBUG [main] org.lenskit.data.dao.file.TextEntitySource: class org.lenskit.data.entities.BasicEntityBuilder: using entity builder {}
11:14:41.184 DEBUG [main] org.lenskit.LenskitRecommenderEngineBuilder: building graph from 3 configurations
11:14:41.341 DEBUG [main] org.lenskit.inject.RecommenderInstantiator: replacing nodes in graph with 12 nodes
11:14:41.352 DEBUG [main] org.lenskit.inject.RecommenderInstantiator: found 3 shared nodes
11:14:41.353 DEBUG [main] org.lenskit.inject.RecommenderInstantiator: final graph has 12 nodes
11:14:41.354 INFO [main] org.lenskit.cli.util.RecommenderLoader: built recommender in 170.4 ms
11:14:45.506 INFO [main] org.lenskit.data.dao.file.StaticDataSource: deriving entity type EntityType[user] from EntityType[rating] (column TypedName[user: long])
11:14:45.628 INFO [main] org.lenskit.data.dao.file.StaticDataSource: deriving entity type EntityType[item] from EntityType[rating] (column TypedName[item: long])
11:14:45.699 DEBUG [main] org.lenskit.data.entities.EntityCollectionBuilder: built collection of 2500 entities with type EntityType[item] and 2 indexes
11:14:45.747 DEBUG [main] org.lenskit.data.entities.EntityCollectionBuilder: built collection of 264505 entities with type EntityType[rating] and 2 indexes
11:14:45.762 DEBUG [main] org.lenskit.data.entities.EntityCollectionBuilder: built collection of 94875 entities with type EntityType[item-tag] and 2 indexes
11:14:45.763 DEBUG [main] org.lenskit.data.entities.EntityCollectionBuilder: built collection of 862 entities with type EntityType[user] and 2 indexes
11:14:45.822 INFO [main] org.lenskit.cli.commands.Recommend: recommending for 1 users
11:14:45.876 DEBUG [main] org.lenskit.basic.TopNItemRecommender: computing effective candidates for user 320 from 2500 candidates and 62 excluded items
11:14:45.880 DEBUG [main] org.lenskit.basic.TopNItemRecommender: Computing 10 recommendations for user 320 from 2438 candidates
11:16:19.199 INFO [main] org.lenskit.cli.commands.Recommend: recommended for 1 users in 1.556 min
11:16:19.436 INFO [main] org.lenskit.cli.Main: If you use LensKit in published research, please see http://lenskit.org/research/
